<?xml version="1.0" encoding="UTF-8"?>
<!-- Generated by org.testng.reporters.JUnitReportReporter -->
<testsuite hostname="C02DX0YDMD6N.local" failures="0" tests="1" name="tests.rest.TC001_SearchProject" time="1.290" errors="0" timestamp="2022-07-20T13:18:16 CEST" skipped="0">
  <testcase classname="tests.rest.TC001_SearchProject" name="searchProject" time="1.290"/>
  <system-out/>
</testsuite> <!-- tests.rest.TC001_SearchProject -->
