<?xml version="1.0" encoding="UTF-8"?>
<!-- Generated by org.testng.reporters.JUnitReportReporter -->
<testsuite hostname="C02DX0YDMD6N.local" failures="0" tests="1" name="tests.rest.TC004_UpdateIssue" time="4.821" errors="0" timestamp="2022-07-19T20:00:06 CEST" skipped="0">
  <testcase classname="tests.rest.TC004_UpdateIssue" name="createIssue" time="4.821"/>
  <system-out/>
</testsuite> <!-- tests.rest.TC004_UpdateIssue -->
