<?xml version="1.0" encoding="UTF-8"?>
<!-- Generated by org.testng.reporters.JUnitReportReporter -->
<testsuite hostname="C02DX0YDMD6N.local" failures="0" tests="1" name="tests.rest.TC002_CreateIssue" time="7.965" errors="0" timestamp="2022-07-20T13:18:16 CEST" skipped="0">
  <testcase classname="tests.rest.TC002_CreateIssue" name="createIssue" time="7.965"/>
  <system-out/>
</testsuite> <!-- tests.rest.TC002_CreateIssue -->
